<?xml version="1.0" encoding="UTF-8"?>
<testng-results ignored="0" total="1" passed="1" failed="0" skipped="0">
  <reporter-output>
  </reporter-output>
  <suite started-at="2024-03-16T12:30:35 IST" name="Default suite" finished-at="2024-03-16T12:30:39 IST" duration-ms="3737">
    <groups>
    </groups>
    <test started-at="2024-03-16T12:30:35 IST" name="Default test" finished-at="2024-03-16T12:30:39 IST" duration-ms="3737">
      <class name="Basic.ContactsTest">
        <test-method signature="CreateOrganizationTest()[pri:0, instance:Basic.ContactsTest@59af0466]" started-at="2024-03-16T12:30:35 IST" name="CreateOrganizationTest" finished-at="2024-03-16T12:30:39 IST" duration-ms="3651" status="PASS">
          <reporter-output>
          </reporter-output>
        </test-method> <!-- CreateOrganizationTest -->
      </class> <!-- Basic.ContactsTest -->
    </test> <!-- Default test -->
  </suite> <!-- Default suite -->
</testng-results>
